We are processing slide /bigdata/projects/beidi/dataset/urine/slide_cancer/BD-3813.svs
Vendor is: aperio
Pixel size of X in um is: 0.261324
Pixel size of Y in um is: 0.261324
(59705, 46238)
saved tile:  10291
did not saved tile:  356
We are processing slide /bigdata/projects/beidi/dataset/urine/slide_cancer/BD21-17126.svs
Vendor is: aperio
Pixel size of X in um is: 0.261324
Pixel size of Y in um is: 0.261324
(50885, 49937)
saved tile:  9479
did not saved tile:  321
We are processing slide /bigdata/projects/beidi/dataset/urine/slide_cancer/BD21-17908.svs
Vendor is: aperio
Pixel size of X in um is: 0.261324
Pixel size of Y in um is: 0.261324
(50884, 49936)
saved tile:  8573
did not saved tile:  1227
We are processing slide /bigdata/projects/beidi/dataset/urine/slide_cancer/BD21-22396.svs
Vendor is: aperio
Pixel size of X in um is: 0.261324
Pixel size of Y in um is: 0.261324
(50884, 49936)
saved tile:  9223
did not saved tile:  577
We are processing slide /bigdata/projects/beidi/dataset/urine/slide_cancer/BD22-9451.svs
Vendor is: aperio
Pixel size of X in um is: 0.261324
Pixel size of Y in um is: 0.261324
(50884, 49936)
saved tile:  8216
did not saved tile:  1584
We are processing slide /bigdata/projects/beidi/dataset/urine/slide_cancer/BD22-12977.svs
Vendor is: aperio
Pixel size of X in um is: 0.261324
Pixel size of Y in um is: 0.261324
(50883, 49935)
saved tile:  8763
did not saved tile:  1037
We are processing slide /bigdata/projects/beidi/dataset/urine/slide_cancer/BD22-15806.svs
Vendor is: aperio
Pixel size of X in um is: 0.261324
Pixel size of Y in um is: 0.261324
(50883, 49935)
saved tile:  7419
did not saved tile:  2381
We are processing slide /bigdata/projects/beidi/dataset/urine/slide_cancer/BD20-5549.svs
Vendor is: aperio
Pixel size of X in um is: 0.261324
Pixel size of Y in um is: 0.261324
(64098, 48060)
saved tile:  9212
did not saved tile:  2632
We are processing slide /bigdata/projects/beidi/dataset/urine/slide_cancer/BD20-5556.svs
Vendor is: aperio
Pixel size of X in um is: 0.261324
Pixel size of Y in um is: 0.261324
(64115, 44390)
saved tile:  8937
did not saved tile:  2025
We are processing slide /bigdata/projects/beidi/dataset/urine/slide_cancer/BD20-3284.svs
Vendor is: aperio
Pixel size of X in um is: 0.261324
Pixel size of Y in um is: 0.261324
(64106, 49917)
saved tile:  9659
did not saved tile:  2689
We are processing slide /bigdata/projects/beidi/dataset/urine/slide_cancer/BD20-1325.svs
Vendor is: aperio
Pixel size of X in um is: 0.261324
Pixel size of Y in um is: 0.261324
(64113, 46233)
saved tile:  10132
did not saved tile:  1334
We are processing slide /bigdata/projects/beidi/dataset/urine/slide_cancer/BD19-31179.svs
Vendor is: aperio
Pixel size of X in um is: 0.261324
Pixel size of Y in um is: 0.261324
(64110, 48076)
saved tile:  9412
did not saved tile:  2432
We are processing slide /bigdata/projects/beidi/dataset/urine/slide_cancer/BD19-28606.svs
Vendor is: aperio
Pixel size of X in um is: 0.261324
Pixel size of Y in um is: 0.261324
(50883, 49935)
saved tile:  8893
did not saved tile:  907
We are processing slide /bigdata/projects/beidi/dataset/urine/slide_cancer/BD-3828.svs
Vendor is: aperio
Pixel size of X in um is: 0.261324
Pixel size of Y in um is: 0.261324
(55282, 55458)
saved tile:  5045
did not saved tile:  6727
We are processing slide /bigdata/projects/beidi/dataset/urine/slide_cancer/BD20-7612.svs
Vendor is: aperio
Pixel size of X in um is: 0.261324
Pixel size of Y in um is: 0.261324
(61889, 62830)
saved tile:  6110
did not saved tile:  8773
We are processing slide /bigdata/projects/beidi/dataset/urine/slide_cancer/BD20-9586.svs
Vendor is: aperio
Pixel size of X in um is: 0.261324
Pixel size of Y in um is: 0.261324
(64101, 55451)
saved tile:  12118
did not saved tile:  1616
We are processing slide /bigdata/projects/beidi/dataset/urine/slide_cancer/BD20-8432.svs
Vendor is: aperio
Pixel size of X in um is: 0.261324
Pixel size of Y in um is: 0.261324
(61891, 60986)
saved tile:  7994
did not saved tile:  6526
We are processing slide /bigdata/projects/beidi/dataset/urine/slide_cancer/BD20-8435.svs
Vendor is: aperio
Pixel size of X in um is: 0.261324
Pixel size of Y in um is: 0.261324
(57480, 60988)
saved tile:  7542
did not saved tile:  6018
We are processing slide /bigdata/projects/beidi/dataset/urine/slide_cancer/BD20-6499.svs
Vendor is: aperio
Pixel size of X in um is: 0.261324
Pixel size of Y in um is: 0.261324
(59691, 57300)
saved tile:  10646
did not saved tile:  2458
We are processing slide /bigdata/projects/beidi/dataset/urine/slide_cancer/BD21-17802.svs
Vendor is: aperio
Pixel size of X in um is: 0.261324
Pixel size of Y in um is: 0.261324
(50885, 49937)
saved tile:  8716
did not saved tile:  1084
We are processing slide /bigdata/projects/beidi/dataset/urine/slide_cancer/BD21-21525.svs
Vendor is: aperio
Pixel size of X in um is: 0.261324
Pixel size of Y in um is: 0.261324
(50883, 49935)
saved tile:  9311
did not saved tile:  489
We are processing slide /bigdata/projects/beidi/dataset/urine/slide_cancer/BD22-5595.svs
Vendor is: aperio
Pixel size of X in um is: 0.261324
Pixel size of Y in um is: 0.261324
(50883, 49935)
saved tile:  7014
did not saved tile:  2786
We are processing slide /bigdata/projects/beidi/dataset/urine/slide_cancer/BD22-12090.svs
Vendor is: aperio
Pixel size of X in um is: 0.261324
Pixel size of Y in um is: 0.261324
(50884, 49936)
saved tile:  898
did not saved tile:  8902
We are processing slide /bigdata/projects/beidi/dataset/urine/slide_cancer/BD22-15802.svs
Vendor is: aperio
Pixel size of X in um is: 0.261324
Pixel size of Y in um is: 0.261324
(50884, 49936)
saved tile:  8746
did not saved tile:  1054
We are processing slide /bigdata/projects/beidi/dataset/urine/slide_cancer/BD-3858.svs
Vendor is: aperio
Pixel size of X in um is: 0.261324
Pixel size of Y in um is: 0.261324
(61908, 46235)
saved tile:  9723
did not saved tile:  1288
We are processing slide /bigdata/projects/beidi/dataset/urine/slide_cancer/BD-3842.svs
Vendor is: aperio
Pixel size of X in um is: 0.261324
Pixel size of Y in um is: 0.261324
(61908, 46235)
saved tile:  10308
did not saved tile:  703
We are processing slide /bigdata/projects/beidi/dataset/urine/slide_cancer/BD-3757.svs
Vendor is: aperio
Pixel size of X in um is: 0.261324
Pixel size of Y in um is: 0.261324
(57487, 55457)
saved tile:  10363
did not saved tile:  1954
Traceback (most recent call last):
  File "/data/miniconda3/lib/python3.8/site-packages/openslide/__init__.py", line 388, in open_slide
    return OpenSlide(filename)
  File "/data/miniconda3/lib/python3.8/site-packages/openslide/__init__.py", line 160, in __init__
    self._osr = lowlevel.open(filename)
  File "/data/miniconda3/lib/python3.8/site-packages/openslide/lowlevel.py", line 128, in _check_open
    raise OpenSlideUnsupportedFormatError(
openslide.lowlevel.OpenSlideUnsupportedFormatError: Unsupported or missing image file

During handling of the above exception, another exception occurred:

Traceback (most recent call last):
  File "sliding_window.py", line 225, in <module>
    slide = open_slide(item)
  File "/data/miniconda3/lib/python3.8/site-packages/openslide/__init__.py", line 390, in open_slide
    return ImageSlide(filename)
  File "/data/miniconda3/lib/python3.8/site-packages/openslide/__init__.py", line 285, in __init__
    self._image = Image.open(file)
  File "/data/miniconda3/lib/python3.8/site-packages/PIL/Image.py", line 3008, in open
    raise UnidentifiedImageError(
PIL.UnidentifiedImageError: cannot identify image file '/bigdata/projects/beidi/dataset/urine/slide_cancer/BD-3411.svs'
